[15-Nov-2025 07:01:13 Europe/Berlin] === BULK IMPORT ===
[15-Nov-2025 07:01:13 Europe/Berlin] Input length: 85316
[15-Nov-2025 07:01:13 Europe/Berlin] Products to import: 112
[15-Nov-2025 07:01:13 Europe/Berlin] PHP Fatal error:  Uncaught Error: Call to undefined function imagecreatetruecolor() in C:\xampp\htdocs\BBQ\save_bulk_products.php:114
Stack trace:
#0 C:\xampp\htdocs\BBQ\save_bulk_products.php(35): createPlaceholder('Nike Dri-FIT Te...')
#1 C:\xampp\htdocs\BBQ\save_bulk_products.php(202): downloadImage('https://via.pla...', '1763186473_0', 'Nike Dri-FIT Te...')
#2 {main}
  thrown in C:\xampp\htdocs\BBQ\save_bulk_products.php on line 114
[15-Nov-2025 07:01:23 Europe/Berlin] === BULK IMPORT ===
[15-Nov-2025 07:01:23 Europe/Berlin] Input length: 85316
[15-Nov-2025 07:01:23 Europe/Berlin] Products to import: 112
[15-Nov-2025 07:01:23 Europe/Berlin] PHP Fatal error:  Uncaught Error: Call to undefined function imagecreatetruecolor() in C:\xampp\htdocs\BBQ\save_bulk_products.php:114
Stack trace:
#0 C:\xampp\htdocs\BBQ\save_bulk_products.php(35): createPlaceholder('Nike Dri-FIT Te...')
#1 C:\xampp\htdocs\BBQ\save_bulk_products.php(202): downloadImage('https://via.pla...', '1763186483_0', 'Nike Dri-FIT Te...')
#2 {main}
  thrown in C:\xampp\htdocs\BBQ\save_bulk_products.php on line 114
[15-Nov-2025 07:04:49 Europe/Berlin] === BULK IMPORT START ===
[15-Nov-2025 07:04:49 Europe/Berlin] Products to import: 112
[15-Nov-2025 07:04:49 Europe/Berlin] Progress: 10 / 112
[15-Nov-2025 07:04:49 Europe/Berlin] Progress: 20 / 112
[15-Nov-2025 07:04:49 Europe/Berlin] Progress: 30 / 112
[15-Nov-2025 07:04:49 Europe/Berlin] Progress: 40 / 112
[15-Nov-2025 07:04:49 Europe/Berlin] Progress: 50 / 112
[15-Nov-2025 07:04:49 Europe/Berlin] Progress: 60 / 112
[15-Nov-2025 07:04:49 Europe/Berlin] Progress: 70 / 112
[15-Nov-2025 07:04:49 Europe/Berlin] Progress: 80 / 112
[15-Nov-2025 07:04:49 Europe/Berlin] Progress: 90 / 112
[15-Nov-2025 07:04:49 Europe/Berlin] Progress: 100 / 112
[15-Nov-2025 07:04:49 Europe/Berlin] Progress: 110 / 112
[15-Nov-2025 07:04:49 Europe/Berlin] === COMPLETE: 112 / 112 ===
[15-Nov-2025 07:29:40 Europe/Berlin] === BULK IMPORT START ===
[15-Nov-2025 07:29:40 Europe/Berlin] Products to import: 12
[15-Nov-2025 07:29:40 Europe/Berlin] Progress: 10 / 12
[15-Nov-2025 07:29:40 Europe/Berlin] === COMPLETE: 12 / 12 ===
[15-Nov-2025 07:46:19 Europe/Berlin] === BULK IMPORT START ===
[15-Nov-2025 07:46:19 Europe/Berlin] Products to import: 12
[15-Nov-2025 07:46:19 Europe/Berlin] Progress: 10 / 12
[15-Nov-2025 07:46:19 Europe/Berlin] === COMPLETE: 12 / 12 ===
[15-Nov-2025 07:48:46 Europe/Berlin] === BULK IMPORT START ===
[15-Nov-2025 07:48:46 Europe/Berlin] Products to import: 12
[15-Nov-2025 07:48:46 Europe/Berlin] Progress: 10 / 12
[15-Nov-2025 07:48:46 Europe/Berlin] === COMPLETE: 12 / 12 ===
[15-Nov-2025 07:55:15 Europe/Berlin] === BULK IMPORT START ===
[15-Nov-2025 07:55:15 Europe/Berlin] Products to import: 12
[15-Nov-2025 07:55:15 Europe/Berlin] Progress: 10 / 12
[15-Nov-2025 07:55:15 Europe/Berlin] === COMPLETE: 12 / 12 ===
[15-Nov-2025 08:01:19 Europe/Berlin] === BULK IMPORT START ===
[15-Nov-2025 08:01:19 Europe/Berlin] Products to import: 125
[15-Nov-2025 08:01:19 Europe/Berlin] Progress: 10 / 125
[15-Nov-2025 08:01:19 Europe/Berlin] Progress: 20 / 125
[15-Nov-2025 08:01:19 Europe/Berlin] Progress: 30 / 125
[15-Nov-2025 08:01:19 Europe/Berlin] Progress: 40 / 125
[15-Nov-2025 08:01:19 Europe/Berlin] Progress: 50 / 125
[15-Nov-2025 08:01:19 Europe/Berlin] Progress: 60 / 125
[15-Nov-2025 08:01:19 Europe/Berlin] Progress: 70 / 125
[15-Nov-2025 08:01:19 Europe/Berlin] Progress: 80 / 125
[15-Nov-2025 08:01:19 Europe/Berlin] Progress: 90 / 125
[15-Nov-2025 08:01:19 Europe/Berlin] Progress: 100 / 125
[15-Nov-2025 08:01:19 Europe/Berlin] Progress: 110 / 125
[15-Nov-2025 08:01:19 Europe/Berlin] Progress: 120 / 125
[15-Nov-2025 08:01:19 Europe/Berlin] === COMPLETE: 125 / 125 ===
[15-Nov-2025 08:07:57 Europe/Berlin] === BULK IMPORT START ===
[15-Nov-2025 08:07:57 Europe/Berlin] Products to import: 10
[15-Nov-2025 08:07:57 Europe/Berlin] Progress: 10 / 10
[15-Nov-2025 08:07:57 Europe/Berlin] === COMPLETE: 10 / 10 ===
[15-Nov-2025 09:13:53 Europe/Berlin] === BULK IMPORT START ===
[15-Nov-2025 09:13:53 Europe/Berlin] Products to import: 124
[15-Nov-2025 09:13:53 Europe/Berlin] Progress: 10 / 124
[15-Nov-2025 09:13:53 Europe/Berlin] Progress: 20 / 124
[15-Nov-2025 09:13:53 Europe/Berlin] Progress: 30 / 124
[15-Nov-2025 09:13:53 Europe/Berlin] Progress: 40 / 124
[15-Nov-2025 09:13:53 Europe/Berlin] Progress: 50 / 124
[15-Nov-2025 09:13:53 Europe/Berlin] Progress: 60 / 124
[15-Nov-2025 09:13:53 Europe/Berlin] Progress: 70 / 124
[15-Nov-2025 09:13:53 Europe/Berlin] Progress: 80 / 124
[15-Nov-2025 09:13:53 Europe/Berlin] Progress: 90 / 124
[15-Nov-2025 09:13:53 Europe/Berlin] Progress: 100 / 124
[15-Nov-2025 09:13:53 Europe/Berlin] Progress: 110 / 124
[15-Nov-2025 09:13:53 Europe/Berlin] Progress: 120 / 124
[15-Nov-2025 09:13:53 Europe/Berlin] === COMPLETE: 124 / 124 ===
[15-Nov-2025 09:47:58 Europe/Berlin] === BULK IMPORT START ===
[15-Nov-2025 09:47:58 Europe/Berlin] Products to import: 124
[15-Nov-2025 09:47:58 Europe/Berlin] === COMPLETE: 0 / 124 ===
[15-Nov-2025 09:48:54 Europe/Berlin] === BULK IMPORT START ===
[15-Nov-2025 09:48:54 Europe/Berlin] Products to import: 124
[15-Nov-2025 09:48:54 Europe/Berlin] === COMPLETE: 0 / 124 ===
