[2025-11-15 10:23:39] === NEW REQUEST ===
[2025-11-15 10:23:39] Method: POST
[2025-11-15 10:23:39] Session userid: 6
[2025-11-15 10:23:39] PASS Step 1: Session OK
[2025-11-15 10:23:39] PASS Step 2: POST method OK
[2025-11-15 10:23:39] Raw JSON received: {"items":[{"id":1,"name":"Adidas Training T-Shirt","price":950,"img":"https://images.pexels.com/photos/9558577/pexels-photo-9558577.jpeg","quantity":1},{"id":5,"name":"Compression Socks (Black)","price":790,"img":"https://images.pexels.com/photos/6620946/pexels-photo-6620946.jpeg","quantity":1}],"total":1740}
[2025-11-15 10:23:39] Parsed data: Array
(
    [items] => Array
        (
            [0] => Array
                (
                    [id] => 1
                    [name] => Adidas Training T-Shirt
                    [price] => 950
                    [img] => https://images.pexels.com/photos/9558577/pexels-photo-9558577.jpeg
                    [quantity] => 1
                )

            [1] => Array
                (
                    [id] => 5
                    [name] => Compression Socks (Black)
                    [price] => 790
                    [img] => https://images.pexels.com/photos/6620946/pexels-photo-6620946.jpeg
                    [quantity] => 1
                )

        )

    [total] => 1740
)

[2025-11-15 10:23:39] PASS Step 3: JSON parsed OK
[2025-11-15 10:23:39] PASS Step 4: Data structure OK
[2025-11-15 10:23:39] PASS Step 5: Data values OK (items: 2, total: 1740, user: 6)
[2025-11-15 10:23:39] PASS Step 6: Database.php included
[2025-11-15 10:23:39] PASS Step 7: Database connected
[2025-11-15 10:23:39] PASS Step 8: Order.php included
[2025-11-15 10:23:39] PASS Step 9: Order object created
[2025-11-15 10:23:39] Attempting to create order...
[2025-11-15 10:23:39] SUCCESS! Order ID: 40
[2025-11-15 10:23:39] === END REQUEST ===

[2025-11-15 10:45:03] === NEW REQUEST ===
[2025-11-15 10:45:03] Method: POST
[2025-11-15 10:45:03] Session userid: 6
[2025-11-15 10:45:03] PASS Step 1: Session OK
[2025-11-15 10:45:03] PASS Step 2: POST method OK
[2025-11-15 10:45:03] Raw JSON received: {"items":[{"id":1,"name":"Jordan Essentials Ringer Tee","price":728,"img":"https://static.nike.com/a/images/33bb4f9e-4324-4be4-b757-beaa74db276b/jordan-essentials-ringer-tee-big-kids-t-shirt-JnjG5t.png","quantity":1},{"id":5,"name":"Nike Sportswear","price":1467,"img":"https://static.nike.com/a/images/e3a0f91d-cede-4529-a068-1eec1e6df668/sportswear-big-kids-t-shirt-xZgR4W.png","quantity":1},{"id":6,"name":"Nike Dri-FIT City Connect Logo (MLB Colorado Rockies)","price":1298,"img":"https://static.nike.com/a/images/cdd23adf-a673-4810-8929-295c272dd06b/dri-fit-city-connect-logo-colorado-rockies-mens-t-shirt-5Sm3Qf.png","quantity":1}],"total":3493}
[2025-11-15 10:45:03] Parsed data: Array
(
    [items] => Array
        (
            [0] => Array
                (
                    [id] => 1
                    [name] => Jordan Essentials Ringer Tee
                    [price] => 728
                    [img] => https://static.nike.com/a/images/33bb4f9e-4324-4be4-b757-beaa74db276b/jordan-essentials-ringer-tee-big-kids-t-shirt-JnjG5t.png
                    [quantity] => 1
                )

            [1] => Array
                (
                    [id] => 5
                    [name] => Nike Sportswear
                    [price] => 1467
                    [img] => https://static.nike.com/a/images/e3a0f91d-cede-4529-a068-1eec1e6df668/sportswear-big-kids-t-shirt-xZgR4W.png
                    [quantity] => 1
                )

            [2] => Array
                (
                    [id] => 6
                    [name] => Nike Dri-FIT City Connect Logo (MLB Colorado Rockies)
                    [price] => 1298
                    [img] => https://static.nike.com/a/images/cdd23adf-a673-4810-8929-295c272dd06b/dri-fit-city-connect-logo-colorado-rockies-mens-t-shirt-5Sm3Qf.png
                    [quantity] => 1
                )

        )

    [total] => 3493
)

[2025-11-15 10:45:03] PASS Step 3: JSON parsed OK
[2025-11-15 10:45:03] PASS Step 4: Data structure OK
[2025-11-15 10:45:03] PASS Step 5: Data values OK (items: 3, total: 3493, user: 6)
[2025-11-15 10:45:03] PASS Step 6: Database.php included
[2025-11-15 10:45:03] PASS Step 7: Database connected
[2025-11-15 10:45:03] PASS Step 8: Order.php included
[2025-11-15 10:45:03] PASS Step 9: Order object created
[2025-11-15 10:45:03] Attempting to create order...
[2025-11-15 10:45:03] SUCCESS! Order ID: 41
[2025-11-15 10:45:03] === END REQUEST ===

